      5.51967     0.718825          NaN      60.0000
      5.54991     0.724222          NaN      60.0000
      5.58015     0.727999          NaN      60.0000
      5.61039     0.730823          NaN      60.0000
      5.64063     0.732733          NaN      60.0000
      5.67088     0.735097          NaN      60.0000
      5.70112     0.738860          NaN      60.0000
      5.73136     0.743607          NaN      60.0000
      5.76160     0.750350          NaN      60.0000
      5.79184     0.758535          NaN      60.0000
      5.82209     0.765411          NaN      60.0000
      5.85233     0.771464          NaN      60.0000
      5.88257     0.779113          NaN      60.0000
      5.91281     0.788325          NaN      60.0000
      5.94305     0.797715          NaN      60.0000
      5.97330     0.806901          NaN      60.0000
      6.00354     0.815648          NaN      60.0000
      6.03378     0.823116          NaN      60.0000
      6.06402     0.829385          NaN      60.0000
      6.09426     0.834885          NaN      60.0000
      6.12451     0.839667          NaN      60.0000
      6.15475     0.844007          NaN      60.0000
      6.18499     0.848363          NaN      60.0000
      6.21523     0.852548          NaN      60.0000
      6.24547     0.855691          NaN      60.0000
      6.27572     0.858195          NaN      60.0000
      6.30596     0.861099          NaN      60.0000
      6.33620     0.864172          NaN      60.0000
      6.36644     0.866653          NaN      60.0000
      6.39668     0.868616          NaN      60.0000
      6.42693     0.870426          NaN      60.0000
      6.45717     0.871870          NaN      60.0000
      6.48741     0.873286          NaN      60.0000
      6.51765     0.875127          NaN      60.0000
      6.54789     0.876711          NaN      60.0000
      6.57814     0.877471          NaN      60.0000
      6.60838     0.878396          NaN      60.0000
      6.63862     0.880211          NaN      60.0000
      6.66886     0.881967          NaN      60.0000
      6.69910     0.882035          NaN      60.0000
      6.72935     0.880871          NaN      60.0000
      6.75959     0.880283          NaN      60.0000
      6.78983     0.880328          NaN      60.0000
      6.82007     0.880241          NaN      60.0000
      6.85031     0.879036          NaN      60.0000
      6.88056     0.876694          NaN      60.0000
      6.91080     0.873943          NaN      60.0000
      6.94104     0.870348          NaN      60.0000
      6.97128     0.866414          NaN      60.0000
      7.00152     0.862857          NaN      60.0000
      7.03177     0.858902          NaN      60.0000
      7.06201     0.853356          NaN      60.0000
      7.09225     0.846519          NaN      60.0000
      7.12249     0.839473          NaN      60.0000
      7.15273     0.831305          NaN      60.0000
      7.18298     0.823063          NaN      60.0000
      7.21322     0.816374          NaN      60.0000
      7.24346     0.810086          NaN      60.0000
      7.27370     0.803888          NaN      60.0000
      7.30394     0.799360          NaN      60.0000
      7.33419     0.797392          NaN      60.0000
      7.36443     0.796929          NaN      60.0000
      7.39467     0.797942          NaN      60.0000
      7.42491     0.801674          NaN      60.0000
      7.45515     0.808657          NaN      60.0000
      7.48540     0.817678          NaN      60.0000
      7.51564     0.823858          NaN      60.0000
      7.57612     0.826115          NaN      60.0000
      7.63660     0.822997          NaN      60.0000
      7.69709     0.820032          NaN      60.0000
      7.75757     0.822045          NaN      60.0000
      7.81805     0.830085          NaN      60.0000
      7.87854     0.843413          NaN      60.0000
      7.93902     0.861111          NaN      60.0000
      7.99951     0.881545          NaN      60.0000
      8.05999     0.901470          NaN      60.0000
      8.12047     0.917033          NaN      60.0000
      8.18096     0.926888          NaN      60.0000
      8.24144     0.932685          NaN      60.0000
      8.30192     0.937399          NaN      60.0000
      8.36241     0.942506          NaN      60.0000
      8.42289     0.946321          NaN      60.0000
      8.48337     0.948509          NaN      60.0000
      8.54386     0.950487          NaN      60.0000
      8.60434     0.951849          NaN      60.0000
      8.66483     0.952587          NaN      60.0000
      8.72531     0.952920          NaN      60.0000
      8.78579     0.952458          NaN      60.0000
      8.84628     0.952482          NaN      60.0000
      8.90676     0.953656          NaN      60.0000
      8.96724     0.954581          NaN      60.0000
      9.02773     0.954746          NaN      60.0000
      9.08821     0.954164          NaN      60.0000
      9.14869     0.952688          NaN      60.0000
      9.20918     0.950783          NaN      60.0000
      9.26966     0.949382          NaN      60.0000
      9.33015     0.949024          NaN      60.0000
      9.39063     0.948709          NaN      60.0000
      9.45111     0.947138          NaN      60.0000
      9.51160     0.945022          NaN      60.0000
      9.57208     0.943498          NaN      60.0000
      9.63256     0.942827          NaN      60.0000
      9.69305     0.943236          NaN      60.0000
      9.75353     0.943645          NaN      60.0000
      9.81401     0.944054          NaN      60.0000
      9.87450     0.944463    0.0387748      62.0000
      9.93498     0.944872    0.0386086      62.0000
      9.99547     0.945281   0.00382767      62.0000
      10.0560     0.944692   0.00475826      62.0000
      10.1164     0.943390   0.00588322      62.0000
      10.1769     0.943206   0.00571287      62.0000
      10.2374     0.945095    0.0103313      62.0000
      10.2979     0.948926   0.00885028      62.0000
      10.3584     0.954536   0.00880342      62.0000
      10.4188     0.961545   0.00796632      62.0000
      10.4793     0.968573   0.00697279      62.0000
      10.5398     0.974626   0.00608288      62.0000
      10.6003     0.980143   0.00706321      62.0000
      10.6608     0.985869   0.00557676      62.0000
      10.7213     0.991552   0.00567763      62.0000
      10.7817     0.996134   0.00626564      62.0000
      10.8422     0.998676   0.00672273      62.0000
      10.9027     0.999543   0.00743664      62.0000
      10.9632     0.999990   0.00719731      62.0000
      11.0237      1.00000   0.00707132      62.0000
      11.0842     0.998784   0.00700487      62.0000
      11.1447     0.996413   0.00609484      62.0000
      11.2051     0.994642   0.00649302      62.0000
      11.2656     0.993289   0.00610200      62.0000
      11.3261     0.989963   0.00611483      62.0000
      11.3866     0.985200   0.00681417      62.0000
      11.4471     0.980642   0.00674474      62.0000
      11.5076     0.974658   0.00626833      62.0000
      11.5680     0.965916   0.00636183      62.0000
      11.6285     0.956006   0.00574450      62.0000
      11.6890     0.946111   0.00708045      62.0000
      11.7495     0.935500   0.00788928      62.0000
      11.8100     0.924908   0.00766578      62.0000
      11.8705     0.917015   0.00579136      62.0000
      11.9309     0.910691   0.00869913      62.0000
      11.9914     0.902412   0.00917298      62.0000
      12.0519     0.891499   0.00933110      62.0000
      12.1124     0.878767   0.00750466      62.0000
      12.1729     0.865130   0.00706742      62.0000
      12.2334     0.850980   0.00819696      62.0000
      12.2938     0.836109   0.00610839      62.0000
      12.3543     0.820068   0.00490131      62.0000
      12.4148     0.803341   0.00598936      62.0000
      12.4753     0.787822   0.00737997      62.0000
      12.5358     0.774634   0.00953958      62.0000
      12.5963     0.762830   0.00886879      62.0000
      12.6567     0.751810   0.00814219      62.0000
      12.7172     0.741916   0.00702038      62.0000
      12.7777     0.733645   0.00806366      62.0000
      12.8382     0.726940   0.00761195      62.0000
      12.8987     0.721306   0.00709393      62.0000
      12.9592     0.716254   0.00749818      62.0000
      13.0197     0.711022   0.00763639      62.0000
      13.0801     0.706158   0.00758477      62.0000
      13.1406     0.702199   0.00621839      62.0000
      13.2011     0.699375   0.00676129      62.0000
      13.2616     0.697270   0.00773386      62.0000
      13.3221     0.694614    0.0109574      62.0000
      13.3826     0.690780    0.0158512      62.0000
      13.4430     0.683761    0.0262306      62.0000
      13.5035     0.665873    0.0255080      62.0000
      13.5640     0.628108    0.0237193      62.0000
      13.6245     0.582837    0.0359176      62.0000
      13.6850     0.565403    0.0359580      62.0000
      13.7455     0.587144    0.0357814      62.0000
      13.8059     0.619345    0.0159909      62.0000
      13.8664     0.637829    0.0166781      62.0000
      13.9269     0.643608    0.0174387      62.0000
      13.9847     0.647048    0.0133309      62.0000
      13.9874     0.647166    0.0151860      62.0000
      14.0479     0.652246    0.0152493      62.0000
      14.0694     0.654325    0.0104269      62.0000
      14.1083     0.657297   0.00823155      62.0000
      14.1540     0.656824    0.0108736      62.0000
      14.1688     0.656855   0.00695864      62.0000
      14.2387     0.662529   0.00615279      62.0000
      14.3234     0.667455   0.00642902      62.0000
      14.4081     0.668162   0.00690271      62.0000
      14.4927     0.666226   0.00738570      62.0000
      14.5774     0.663820   0.00520379      62.0000
      14.6621     0.661474   0.00360478      62.0000
      14.7468     0.658775   0.00431423      62.0000
      14.8315     0.656245   0.00427384      62.0000
      14.9161     0.654604   0.00469396      62.0000
      15.0008     0.653352   0.00482913      62.0000
      15.0855     0.651580   0.00501001      62.0000
      15.1701     0.648725   0.00472372      62.0000
      15.2548     0.645458   0.00424256      62.0000
      15.3395     0.642663   0.00399515      62.0000
      15.4242     0.640321   0.00434018      62.0000
      15.5089     0.638623   0.00462900      62.0000
      15.5935     0.636573   0.00476911      62.0000
      15.6782     0.634228   0.00456721      62.0000
      15.7629     0.631926   0.00465206      62.0000
      15.8476     0.628588   0.00422411      62.0000
      15.9322     0.624283   0.00540118      62.0000
      16.0169     0.620243   0.00587024      62.0000
      16.1016     0.617550   0.00729800      62.0000
      16.1863     0.615071   0.00526867      62.0000
      16.2710     0.612074   0.00574998      62.0000
      16.3556     0.608912   0.00572869      62.0000
      16.4403     0.606096   0.00553393      62.0000
      16.5250     0.603869   0.00531483      62.0000
      16.6097     0.601494   0.00486453      62.0000
      16.6943     0.598310   0.00410877      62.0000
      16.7790     0.594161   0.00395525      62.0000
      16.8637     0.589972   0.00386031      62.0000
      16.9484     0.587319   0.00416784      62.0000
      17.0330     0.585452   0.00512238      62.0000
      17.1177     0.583328   0.00511907      62.0000
      17.2024     0.581011   0.00553883      62.0000
      17.2871     0.577945   0.00599478      62.0000
      17.3717     0.574276   0.00458307      62.0000
      17.4564     0.570981   0.00588620      62.0000
      17.5411     0.568338   0.00538465      62.0000
      17.6258     0.566128   0.00516579      62.0000
      17.7105     0.564564   0.00598451      62.0000
      17.7951     0.562338   0.00525534      62.0000
      17.8798     0.558647   0.00689065      62.0000
      17.9645     0.555024   0.00623757      62.0000
      18.0492     0.552992   0.00648879      62.0000
      18.1338     0.550945   0.00576350      62.0000
      18.2185     0.547778   0.00523713      62.0000
      18.3032     0.544816   0.00547495      62.0000
      18.3879     0.542735   0.00549533      62.0000
      18.4725     0.540582   0.00507490      62.0000
      18.5572     0.538410   0.00679407      62.0000
      18.6419     0.537085   0.00661795      62.0000
      18.7266     0.534885   0.00733648      62.0000
      18.8113     0.531074   0.00791603      62.0000
      18.8959     0.526795   0.00757116      62.0000
      18.9806     0.524140   0.00704440      62.0000
      19.0653     0.522913   0.00631786      62.0000
      19.1500     0.521557   0.00778952      62.0000
      19.2346     0.520274    0.0137436      62.0000
      19.3193     0.518990    0.0183814      62.0000
      19.4040     0.517705    0.0185838      62.0000
      19.4887     0.516420          NaN      61.0000
      19.5734     0.515135          NaN      61.0000
      19.6580     0.513852          NaN      61.0000
      19.7427     0.510472          NaN      61.0000
      19.8274     0.509157          NaN      61.0000
      19.9121     0.509962          NaN      61.0000
      19.9967     0.509821          NaN      61.0000
      20.0814     0.506861          NaN      61.0000
      20.1661     0.502359          NaN      61.0000
      20.2508     0.497788          NaN      61.0000
      20.3354     0.493173          NaN      61.0000
      20.4201     0.488282          NaN      61.0000
      20.5048     0.485057          NaN      61.0000
      20.5895     0.483236          NaN      61.0000
      20.7588     0.479574          NaN      61.0000
      20.9282     0.476351          NaN      61.0000
      21.0975     0.473603          NaN      61.0000
      21.2669     0.469882          NaN      61.0000
      21.4362     0.465228          NaN      61.0000
      21.6056     0.461537          NaN      61.0000
      21.7750     0.459025          NaN      61.0000
      21.9443     0.456441          NaN      61.0000
      22.1137     0.453289          NaN      61.0000
      22.2830     0.449959          NaN      61.0000
      22.4524     0.446909          NaN      61.0000
      22.6217     0.444396          NaN      61.0000
      22.7911     0.442846          NaN      61.0000
      22.9604     0.442223          NaN      61.0000
      23.1298     0.441634          NaN      61.0000
      23.2991     0.440576          NaN      61.0000
      23.4685     0.439609          NaN      61.0000
      23.6378     0.439624          NaN      61.0000
      23.8072     0.440768          NaN      61.0000
      23.9765     0.442396          NaN      61.0000
      24.1459     0.444267          NaN      61.0000
      24.3153     0.446802          NaN      61.0000
      24.4846     0.449780          NaN      61.0000
      24.6540     0.452454          NaN      61.0000
      24.8233     0.454885          NaN      61.0000
      24.9927     0.457194          NaN      61.0000
      25.1620     0.459122          NaN      61.0000
      25.3314     0.460317          NaN      61.0000
      25.5007     0.460710          NaN      61.0000
      25.6701     0.461158          NaN      61.0000
      25.8394     0.462073          NaN      61.0000
      26.0088     0.462647          NaN      61.0000
      26.1782     0.462288          NaN      61.0000
      26.3475     0.461566          NaN      61.0000
      26.5168     0.460961          NaN      61.0000
      26.6862     0.460283          NaN      61.0000
      26.8556     0.459481          NaN      61.0000
      27.0249     0.458187          NaN      61.0000
      27.1943     0.456387          NaN      61.0000
      27.3636     0.454484          NaN      61.0000
      27.5330     0.452302          NaN      61.0000
      27.7023     0.449919          NaN      61.0000
      27.8717     0.447619          NaN      61.0000
      28.0410     0.445274          NaN      61.0000
      28.2104     0.442853          NaN      61.0000
      28.3797     0.440132          NaN      61.0000
      28.5491     0.437237          NaN      61.0000
      28.7185     0.435281          NaN      61.0000
      28.8878     0.433700          NaN      61.0000
      29.0572     0.431369          NaN      61.0000
      29.2265     0.428901          NaN      61.0000
      29.3959     0.425872          NaN      61.0000
      29.5652     0.422266          NaN      61.0000
      29.7346     0.419526          NaN      61.0000
      29.9039     0.417414          NaN      61.0000
