      5.51967    0.0207652   0.00570699      12.0000
      5.54991    0.0209616   0.00255085      12.0000
      5.58015    0.0215999   0.00182831      12.0000
      5.61039    0.0226496   0.00180664      12.0000
      5.64063    0.0234840   0.00186129      12.0000
      5.67088    0.0241587   0.00114683      12.0000
      5.70112    0.0249462   0.00120950      12.0000
      5.73136    0.0256878   0.00118699      12.0000
      5.76160    0.0265807  0.000996115      12.0000
      5.79184    0.0284478  0.000839101      12.0000
      5.82209    0.0308258   0.00111626      12.0000
      5.85233    0.0324575   0.00103579      12.0000
      5.88257    0.0337495   0.00118783      12.0000
      5.91281    0.0352921   0.00115164      12.0000
      5.94305    0.0365055   0.00153647      12.0000
      5.97330    0.0372201   0.00139736      12.0000
      6.00354    0.0379125   0.00136426      12.0000
      6.03378    0.0390567   0.00130527      12.0000
      6.06402    0.0407286  0.000794960      12.0000
      6.09426    0.0424278   0.00141082      12.0000
      6.12451    0.0434036   0.00155763      12.0000
      6.15475    0.0434951   0.00136625      12.0000
      6.18499    0.0433171   0.00144572      12.0000
      6.21523    0.0431506   0.00103541      12.0000
      6.24547    0.0436750  0.000696064      12.0000
      6.27572    0.0453908   0.00101773      12.0000
      6.30596    0.0473166   0.00119318      12.0000
      6.33620    0.0485118   0.00114826      12.0000
      6.36644    0.0488344   0.00139528      12.0000
      6.39668    0.0489392  0.000951202      12.0000
      6.42693    0.0497034   0.00108820      12.0000
      6.45717    0.0514679   0.00128119      12.0000
      6.48741    0.0536985   0.00145500      12.0000
      6.51765    0.0550463   0.00150258      12.0000
      6.54789    0.0560802   0.00114205      12.0000
      6.57814    0.0582259   0.00145032      12.0000
      6.60838    0.0606568   0.00140889      12.0000
      6.63862    0.0624252   0.00109552      12.0000
      6.66886    0.0634405   0.00134028      12.0000
      6.69910    0.0637251   0.00100579      12.0000
      6.72935    0.0641986  0.000953547      12.0000
      6.75959    0.0656355   0.00111668      12.0000
      6.78983    0.0674044   0.00118637      12.0000
      6.82007    0.0688909   0.00100621      12.0000
      6.85031    0.0700994   0.00125775      12.0000
      6.88056    0.0716564   0.00122161      12.0000
      6.91080    0.0733588   0.00164324      12.0000
      6.94104    0.0748572   0.00169631      12.0000
      6.97128    0.0775893   0.00166763      12.0000
      7.00152    0.0804192   0.00227952      12.0000
      7.03177    0.0821273   0.00140501      12.0000
      7.06201    0.0850511   0.00174830      12.0000
      7.09225    0.0885257   0.00187511      12.0000
      7.12249    0.0898432   0.00216030      12.0000
      7.15273    0.0891389   0.00205964      12.0000
      7.18298    0.0880469   0.00217413      12.0000
      7.21322    0.0880049   0.00171863      12.0000
      7.24346    0.0894467   0.00217442      12.0000
      7.27370    0.0920269   0.00159597      12.0000
      7.30394    0.0946593   0.00139683      12.0000
      7.33419    0.0965939   0.00148005      12.0000
      7.36443    0.0978007   0.00166139      12.0000
      7.39467    0.0978371   0.00202130      12.0000
      7.42491    0.0970846   0.00217773      12.0000
      7.45515    0.0975843   0.00222603      12.0000
      7.48540     0.100694   0.00220302      12.0000
      7.51564     0.104082   0.00260665      12.0000
      7.57612     0.107980   0.00197060      12.0000
      7.63660     0.110930   0.00243489      12.0000
      7.69709     0.114157   0.00248344      12.0000
      7.75757     0.118460   0.00141998      12.0000
      7.81805     0.124107  0.000975522      12.0000
      7.87854     0.130940   0.00205988      12.0000
      7.93902     0.138002   0.00100377      12.0000
      7.99951     0.144399   0.00112065      12.0000
      8.05999     0.150224   0.00111726      12.0000
      8.12047     0.155579   0.00104630      12.0000
      8.18096     0.160840  0.000913600      12.0000
      8.24144     0.166371  0.000956248      12.0000
      8.30192     0.171780   0.00115371      12.0000
      8.36241     0.176692   0.00111790      12.0000
      8.42289     0.181633   0.00121849      12.0000
      8.48337     0.187393   0.00121509      12.0000
      8.54386     0.193253  0.000794531      12.0000
      8.60434     0.199170   0.00149936      12.0000
      8.66483     0.205604  0.000919155      12.0000
      8.72531     0.210983   0.00143641      12.0000
      8.78579     0.215177   0.00105324      12.0000
      8.84628     0.219558  0.000760276      12.0000
      8.90676     0.224216   0.00121053      12.0000
      8.96724     0.229188  0.000968614      12.0000
      9.02773     0.234684   0.00106190      12.0000
      9.08821     0.240105  0.000957244      12.0000
      9.14869     0.244764  0.000906927      12.0000
      9.20918     0.248800   0.00116501      12.0000
      9.26966     0.253457   0.00122641      12.0000
      9.33015     0.259256   0.00166601      12.0000
      9.39063     0.264759  0.000849123      12.0000
      9.45111     0.269765   0.00202409      12.0000
      9.51160     0.275308   0.00157631      12.0000
      9.57208     0.280177   0.00158992      12.0000
      9.63256     0.283523   0.00148786      12.0000
      9.69305     0.287195   0.00123062      12.0000
      9.75353     0.291796   0.00105283      12.0000
      9.81401     0.295713  0.000914977      12.0000
      9.87450     0.298340  0.000906887      12.0000
      9.93498     0.301849  0.000739126      12.0000
      9.99547     0.305032   0.00112743      12.0000
      10.0560     0.307417   0.00212874      12.0000
      10.1164     0.309865   0.00232320      12.0000
      10.1769     0.310771   0.00171428      12.0000
      10.2374     0.310310   0.00147952      12.0000
      10.2979     0.308995   0.00158425      12.0000
      10.3584     0.308199   0.00229530      12.0000
      10.4188     0.307966   0.00211392      12.0000
      10.4793     0.307715   0.00164724      12.0000
      10.5398     0.307292   0.00174596      12.0000
      10.6003     0.307280   0.00164858      12.0000
      10.6608     0.307597   0.00193718      12.0000
      10.7213     0.308483   0.00166183      12.0000
      10.7817     0.310580   0.00236543      12.0000
      10.8422     0.311714   0.00107437      12.0000
      10.9027     0.313674   0.00313453      12.0000
      10.9632     0.317105   0.00278030      12.0000
      11.0237     0.319769   0.00331599      12.0000
      11.0842     0.322077   0.00153686      12.0000
      11.1447     0.326581   0.00152431      12.0000
      11.2051     0.332226   0.00145164      12.0000
      11.2656     0.337182   0.00151074      12.0000
      11.3261     0.341395   0.00172277      12.0000
      11.3866     0.346724   0.00212183      12.0000
      11.4471     0.354337   0.00202601      12.0000
      11.5076     0.360139   0.00240079      12.0000
      11.5680     0.364193   0.00280066      12.0000
      11.6285     0.368707   0.00228067      12.0000
      11.6890     0.373239   0.00266002      12.0000
      11.7495     0.379499   0.00197034      12.0000
      11.8100     0.386241   0.00303407      12.0000
      11.8705     0.393160   0.00183888      12.0000
      11.9309     0.401755   0.00176082      12.0000
      11.9914     0.410326   0.00299409      12.0000
      12.0519     0.418378   0.00172102      12.0000
      12.1124     0.427865   0.00173386      12.0000
      12.1729     0.438382   0.00178305      12.0000
      12.2334     0.448583   0.00189718      12.0000
      12.2938     0.459466   0.00291941      12.0000
      12.3543     0.470598   0.00202096      12.0000
      12.4148     0.479815   0.00359000      12.0000
      12.4753     0.486498   0.00380466      12.0000
      12.5358     0.494047   0.00355929      12.0000
      12.5963     0.499956   0.00338531      12.0000
      12.6567     0.503276   0.00322816      12.0000
      12.7172     0.506905   0.00145935      12.0000
      12.7777     0.510595   0.00137970      12.0000
      12.8382     0.513484   0.00351763      12.0000
      12.8987     0.516435   0.00178461      12.0000
      12.9592     0.518165   0.00155567      12.0000
      13.0197     0.518987   0.00362703      12.0000
      13.0801     0.522211   0.00247300      12.0000
      13.1406     0.526994   0.00264127      12.0000
      13.2011     0.531084   0.00312528      12.0000
      13.2616     0.534107   0.00399102      12.0000
      13.3221     0.536133   0.00406068      12.0000
      13.3826     0.538604   0.00462799      12.0000
      13.4430     0.544020    0.0121390      12.0000
      13.5035     0.545465    0.0144662      12.0000
      13.5640     0.530983    0.0144881      12.0000
      13.6245     0.492474    0.0134445      12.0000
      13.6850     0.454821    0.0216937      12.0000
      13.7455     0.487292    0.0158981      12.0000
      13.8059     0.538657    0.0162570      12.0000
      13.8664     0.544059    0.0108014      12.0000
      13.9269     0.548541    0.0115383      12.0000
      13.9847     0.550665   0.00828151      12.0000
      13.9874     0.550869    0.0105026      12.0000
      14.0479     0.562722   0.00805558      12.0000
      14.0694     0.563656   0.00634745      12.0000
      14.1083     0.573314   0.00663945      12.0000
      14.1540     0.583505    0.0100267      12.0000
      14.1688     0.584310   0.00837417      12.0000
      14.2387     0.597647   0.00787280      12.0000
      14.3234     0.614908   0.00400388      12.0000
      14.4081     0.626012   0.00446503      12.0000
      14.4927     0.635123   0.00541407      12.0000
      14.5774     0.644366   0.00368499      12.0000
      14.6621     0.652176   0.00328820      12.0000
      14.7468     0.658950   0.00291646      12.0000
      14.8315     0.665354   0.00222949      12.0000
      14.9161     0.673118   0.00200008      12.0000
      15.0008     0.680674   0.00193552      12.0000
      15.0855     0.689162   0.00215123      12.0000
      15.1701     0.697494   0.00332177      12.0000
      15.2548     0.703147   0.00230955      12.0000
      15.3395     0.709624   0.00216135      12.0000
      15.4242     0.717491   0.00187026      12.0000
      15.5089     0.725356   0.00238055      12.0000
      15.5935     0.730549   0.00272021      12.0000
      15.6782     0.734641   0.00288351      12.0000
      15.7629     0.739779   0.00340190      12.0000
      15.8476     0.742446   0.00388983      12.0000
      15.9322     0.745477   0.00240627      12.0000
      16.0169     0.752657   0.00276831      12.0000
      16.1016     0.761923   0.00510871      12.0000
      16.1863     0.766816   0.00431600      12.0000
      16.2710     0.770175   0.00391554      12.0000
      16.3556     0.773060   0.00354390      12.0000
      16.4403     0.778301   0.00326817      12.0000
      16.5250     0.783262   0.00468277      12.0000
      16.6097     0.784235   0.00371925      12.0000
      16.6943     0.787542   0.00302985      12.0000
      16.7790     0.791002   0.00496201      12.0000
      16.8637     0.792754   0.00514315      12.0000
      16.9484     0.794950   0.00391757      12.0000
      17.0330     0.799913   0.00532472      12.0000
      17.1177     0.805816   0.00197836      12.0000
      17.2024     0.810201   0.00338001      12.0000
      17.2871     0.811991   0.00615205      12.0000
      17.3717     0.811014   0.00427022      12.0000
      17.4564     0.812161   0.00454375      12.0000
      17.5411     0.813263   0.00467781      12.0000
      17.6258     0.812024   0.00510482      12.0000
      17.7105     0.816403   0.00479215      12.0000
      17.7951     0.822905   0.00461500      12.0000
      17.8798     0.826024   0.00595722      12.0000
      17.9645     0.827103   0.00511227      12.0000
      18.0492     0.829217   0.00508032      12.0000
      18.1338     0.828275   0.00435792      12.0000
      18.2185     0.828504   0.00549984      12.0000
      18.3032     0.829991   0.00526701      12.0000
      18.3879     0.829414   0.00764939      12.0000
      18.4725     0.835179   0.00856838      12.0000
      18.5572     0.837179   0.00640782      12.0000
      18.6419     0.833479   0.00467152      12.0000
      18.7266     0.830292   0.00308211      12.0000
      18.8113     0.827225   0.00740536      12.0000
      18.8959     0.828228   0.00643269      12.0000
      18.9806     0.831158   0.00670988      12.0000
      19.0653     0.841246    0.0103340      12.0000
      19.1500     0.843757   0.00599142      12.0000
      19.2346     0.833970    0.0215635      12.0000
      19.3193     0.841678   0.00567722      12.0000
      19.4040     0.847225    0.0102889      12.0000
      19.4887     0.845543    0.0131072      12.0000
      19.5734     0.848078   0.00819036      12.0000
      19.6580     0.837876    0.0103519      12.0000
      19.7427     0.827829    0.0102701      12.0000
      19.8274     0.838519   0.00476875      12.0000
      19.9121     0.854398   0.00627027      12.0000
      19.9967     0.858571   0.00527359      12.0000
      20.0814     0.856934   0.00609849      12.0000
      20.1661     0.853150   0.00522407      12.0000
      20.2508     0.851866   0.00263762      12.0000
      20.3354     0.850851   0.00242506      12.0000
      20.4201     0.849003   0.00623851      12.0000
      20.5048     0.851043   0.00330545      12.0000
      20.5895     0.852043    0.0120566      12.0000
      20.7588     0.850493   0.00600402      12.0000
      20.9282     0.857114   0.00810175      12.0000
      21.0975     0.869161   0.00980440      12.0000
      21.2669     0.871246   0.00415765      12.0000
      21.4362     0.866677   0.00843830      12.0000
      21.6056     0.865649   0.00651222      12.0000
      21.7750     0.866415    0.0125490      12.0000
      21.9443     0.866420   0.00850500      12.0000
      22.1137     0.869312    0.0105602      12.0000
      22.2830     0.881450   0.00992142      12.0000
      22.4524     0.890669   0.00870166      12.0000
      22.6217     0.891249   0.00745714      12.0000
      22.7911     0.889324   0.00613323      12.0000
      22.9604     0.889000   0.00697322      12.0000
      23.1298     0.891569   0.00674162      12.0000
      23.2991     0.893934   0.00596417      12.0000
      23.4685     0.899954   0.00620279      12.0000
      23.6378     0.907887   0.00574908      12.0000
      23.8072     0.914487   0.00415627      12.0000
      23.9765     0.919828    0.0104502      12.0000
      24.1459     0.923928   0.00945068      12.0000
      24.3153     0.928249   0.00714057      12.0000
      24.4846     0.928462    0.0115554      12.0000
      24.6540     0.926575   0.00431248      12.0000
      24.8233     0.930689   0.00660116      12.0000
      24.9927     0.945104   0.00824007      12.0000
      25.1620     0.958858   0.00525216      12.0000
      25.3314     0.962052    0.0115540      12.0000
      25.5007     0.961052   0.00580179      12.0000
      25.6701     0.959495   0.00529584      12.0000
      25.8394     0.959657   0.00549071      12.0000
      26.0088     0.963131   0.00613973      12.0000
      26.1782     0.962676   0.00864109      12.0000
      26.3475     0.961929   0.00718410      12.0000
      26.5168     0.965865    0.0101754      12.0000
      26.6862     0.973704   0.00949478      12.0000
      26.8556     0.984540    0.0135269      12.0000
      27.0249     0.997972    0.0115890      12.0000
      27.1943      1.00000    0.0125765      12.0000
      27.3636     0.988496    0.0123968      12.0000
      27.5330     0.983851   0.00350951      12.0000
      27.7023     0.984433   0.00761833      12.0000
      27.8717     0.983029   0.00936542      12.0000
      28.0410     0.982794   0.00591673      12.0000
      28.2104     0.981839   0.00672927      12.0000
      28.3797     0.977196    0.0109194      12.0000
      28.5491     0.976757    0.0109189      12.0000
      28.7185     0.980882   0.00784306      12.0000
      28.8878     0.988798    0.0110211      12.0000
      29.0572     0.992491   0.00995016      12.0000
      29.2265     0.994527    0.0119320      12.0000
      29.3959     0.998324    0.0116765      12.0000
      29.5652     0.990370    0.0138252      12.0000
      29.7346     0.980088    0.0217078      12.0000
      29.9039      1.01916    0.0566656      12.0000
