      5.51967     0.845867          NaN      66.0000
      5.54991     0.852155          NaN      66.0000
      5.58015     0.857513          NaN      66.0000
      5.61039     0.864034          NaN      66.0000
      5.64063     0.872163          NaN      66.0000
      5.67088     0.881311          NaN      66.0000
      5.70112     0.889994          NaN      66.0000
      5.73136     0.898232          NaN      66.0000
      5.76160     0.907801          NaN      66.0000
      5.79184     0.917695          NaN      66.0000
      5.82209     0.925726          NaN      66.0000
      5.85233     0.932423          NaN      66.0000
      5.88257     0.939040          NaN      66.0000
      5.91281     0.946155          NaN      66.0000
      5.94305     0.953756          NaN      66.0000
      5.97330     0.961499          NaN      66.0000
      6.00354     0.969239          NaN      66.0000
      6.03378     0.975806          NaN      66.0000
      6.06402     0.980975          NaN      66.0000
      6.09426     0.986152          NaN      66.0000
      6.12451     0.990983          NaN      66.0000
      6.15475     0.994600          NaN      66.0000
      6.18499     0.997421          NaN      66.0000
      6.21523     0.999411          NaN      66.0000
      6.24547      1.00000          NaN      66.0000
      6.27572     0.999338          NaN      66.0000
      6.30596     0.997161          NaN      66.0000
      6.33620     0.992538          NaN      66.0000
      6.36644     0.986834          NaN      66.0000
      6.39668     0.981866          NaN      66.0000
      6.42693     0.976558          NaN      66.0000
      6.45717     0.971234          NaN      66.0000
      6.48741     0.968245          NaN      66.0000
      6.51765     0.966549          NaN      66.0000
      6.54789     0.964746          NaN      66.0000
      6.57814     0.963050          NaN      66.0000
      6.60838     0.959741          NaN      66.0000
      6.63862     0.954741          NaN      66.0000
      6.66886     0.949750          NaN      66.0000
      6.69910     0.944940          NaN      66.0000
      6.72935     0.941300          NaN      66.0000
      6.75959     0.937492          NaN      66.0000
      6.78983     0.931881          NaN      66.0000
      6.82007     0.925459          NaN      66.0000
      6.85031     0.918158          NaN      66.0000
      6.88056     0.910718          NaN      66.0000
      6.91080     0.903980          NaN      66.0000
      6.94104     0.897135          NaN      66.0000
      6.97128     0.889808          NaN      66.0000
      7.00152     0.882235          NaN      66.0000
      7.03177     0.873496          NaN      66.0000
      7.06201     0.862834          NaN      66.0000
      7.09225     0.852537          NaN      66.0000
      7.12249     0.844259          NaN      66.0000
      7.15273     0.835585          NaN      66.0000
      7.18298     0.825678          NaN      66.0000
      7.21322     0.816343          NaN      66.0000
      7.24346     0.807684          NaN      66.0000
      7.27370     0.798878          NaN      66.0000
      7.30394     0.792046          NaN      66.0000
      7.33419     0.789925          NaN      66.0000
      7.36443     0.788331          NaN      66.0000
      7.39467     0.783522          NaN      66.0000
      7.42491     0.779811          NaN      66.0000
      7.45515     0.781860          NaN      66.0000
      7.48540     0.788274          NaN      66.0000
      7.51564     0.791988          NaN      66.0000
      7.57612     0.790021          NaN      66.0000
      7.63660     0.784688          NaN      66.0000
      7.69709     0.777563          NaN      66.0000
      7.75757     0.770609          NaN      66.0000
      7.81805     0.767172          NaN      66.0000
      7.87854     0.768938          NaN      66.0000
      7.93902     0.774812          NaN      66.0000
      7.99951     0.783193          NaN      66.0000
      8.05999     0.792433          NaN      66.0000
      8.12047     0.800129          NaN      66.0000
      8.18096     0.803403          NaN      66.0000
      8.24144     0.801023          NaN      66.0000
      8.30192     0.795667          NaN      66.0000
      8.36241     0.791417          NaN      66.0000
      8.42289     0.788775          NaN      66.0000
      8.48337     0.785728          NaN      66.0000
      8.54386     0.781342          NaN      66.0000
      8.60434     0.776078          NaN      66.0000
      8.66483     0.769905          NaN      66.0000
      8.72531     0.761927          NaN      66.0000
      8.78579     0.753111          NaN      66.0000
      8.84628     0.744640          NaN      66.0000
      8.90676     0.736165          NaN      66.0000
      8.96724     0.727926          NaN      66.0000
      9.02773     0.720531          NaN      66.0000
      9.08821     0.713744          NaN      66.0000
      9.14869     0.706697          NaN      66.0000
      9.20918     0.698808          NaN      66.0000
      9.26966     0.691338          NaN      66.0000
      9.33015     0.685044          NaN      66.0000
      9.39063     0.678694          NaN      66.0000
      9.45111     0.672613          NaN      66.0000
      9.51160     0.668475          NaN      66.0000
      9.57208     0.665169          NaN      66.0000
      9.63256     0.660780          NaN      66.0000
      9.69305     0.658512          NaN      66.0000
      9.75353     0.656244          NaN      66.0000
      9.81401     0.653976          NaN      66.0000
      9.87450     0.651708    0.0186764      67.0000
      9.93498     0.649440    0.0188563      67.0000
      9.99547     0.647171   0.00951174      67.0000
      10.0560     0.645680   0.00950044      67.0000
      10.1164     0.644544   0.00888943      67.0000
      10.1769     0.644460   0.00907443      67.0000
      10.2374     0.644923    0.0104035      67.0000
      10.2979     0.645166   0.00910128      67.0000
      10.3584     0.646919   0.00946355      67.0000
      10.4188     0.651090    0.0103209      67.0000
      10.4793     0.656102   0.00863318      67.0000
      10.5398     0.660157   0.00828978      67.0000
      10.6003     0.663355   0.00802977      67.0000
      10.6608     0.666639   0.00917533      67.0000
      10.7213     0.669001   0.00996006      67.0000
      10.7817     0.669585   0.00809488      67.0000
      10.8422     0.669851   0.00995424      67.0000
      10.9027     0.671535    0.0106206      67.0000
      10.9632     0.673566    0.0113912      67.0000
      11.0237     0.673327    0.0108860      67.0000
      11.0842     0.672050    0.0111552      67.0000
      11.1447     0.672635    0.0128442      67.0000
      11.2051     0.674723    0.0281406      67.0000
      11.2656     0.674870    0.0285229      67.0000
      11.3261     0.670340    0.0285922      67.0000
      11.3866     0.662007    0.0181854      67.0000
      11.4471     0.653167    0.0180941      67.0000
      11.5076     0.645270    0.0179036      67.0000
      11.5680     0.636569    0.0157845      67.0000
      11.6285     0.626661    0.0136001      67.0000
      11.6890     0.617336    0.0142495      67.0000
      11.7495     0.608201    0.0139923      67.0000
      11.8100     0.598710    0.0128157      67.0000
      11.8705     0.591848    0.0109417      67.0000
      11.9309     0.587705    0.0136229      67.0000
      11.9914     0.581619    0.0133249      67.0000
      12.0519     0.571881    0.0136732      67.0000
      12.1124     0.560394    0.0123419      67.0000
      12.1729     0.549067    0.0132672      67.0000
      12.2334     0.537710   0.00999464      67.0000
      12.2938     0.525863   0.00979816      67.0000
      12.3543     0.514441   0.00779830      67.0000
      12.4148     0.504350    0.0100746      67.0000
      12.4753     0.495462    0.0105867      67.0000
      12.5358     0.486835    0.0126417      67.0000
      12.5963     0.479270    0.0129268      67.0000
      12.6567     0.473958    0.0129925      67.0000
      12.7172     0.468528    0.0144006      67.0000
      12.7777     0.461968    0.0148384      67.0000
      12.8382     0.455658    0.0144221      67.0000
      12.8987     0.450014    0.0118034      67.0000
      12.9592     0.445439    0.0126859      67.0000
      13.0197     0.441453    0.0140392      67.0000
      13.0801     0.437325    0.0125803      67.0000
      13.1406     0.433092    0.0120621      67.0000
      13.2011     0.429991    0.0122552      67.0000
      13.2616     0.427491    0.0136445      67.0000
      13.3221     0.424040    0.0133419      67.0000
      13.3826     0.419347    0.0133225      67.0000
      13.4430     0.411946    0.0133193      67.0000
      13.5035     0.399964    0.0155082      67.0000
      13.5640     0.382042    0.0161545      67.0000
      13.6245     0.362732    0.0202759      67.0000
      13.6850     0.354783    0.0222568      67.0000
      13.7455     0.362645    0.0195058      67.0000
      13.8059     0.375216    0.0232621      67.0000
      13.8664     0.382763    0.0192017      67.0000
      13.9269     0.385803    0.0221310      67.0000
      13.9847     0.384687    0.0238029      67.0000
      13.9874     0.384726    0.0206918      67.0000
      14.0479     0.391712    0.0196763      67.0000
      14.0694     0.392467    0.0110322      67.0000
      14.1083     0.391981    0.0179939      67.0000
      14.1540     0.391410    0.0132281      67.0000
      14.1688     0.391225   0.00936636      67.0000
      14.2387     0.390352          NaN      40.0000
      14.3234     0.389293          NaN      40.0000
      14.4081     0.388235          NaN      40.0000
      14.4927     0.384157          NaN      40.0000
      14.5774     0.379611          NaN      40.0000
      14.6621     0.374458          NaN      40.0000
      14.7468     0.370259          NaN      40.0000
      14.8315     0.367308          NaN      40.0000
      14.9161     0.364802          NaN      40.0000
      15.0008     0.362816          NaN      40.0000
      15.0855     0.360263          NaN      40.0000
      15.1701     0.355294          NaN      40.0000
      15.2548     0.349615          NaN      40.0000
      15.3395     0.344804          NaN      40.0000
      15.4242     0.339779          NaN      40.0000
      15.5089     0.335790          NaN      40.0000
      15.5935     0.333462          NaN      40.0000
      15.6782     0.332925          NaN      40.0000
      15.7629     0.333029          NaN      40.0000
      15.8476     0.332145          NaN      40.0000
      15.9322     0.330432          NaN      40.0000
      16.0169     0.327152          NaN      40.0000
      16.1016     0.322274          NaN      40.0000
      16.1863     0.316922          NaN      40.0000
      16.2710     0.313485          NaN      40.0000
      16.3556     0.311562          NaN      40.0000
      16.4403     0.309498          NaN      40.0000
      16.5250     0.307317          NaN      40.0000
      16.6097     0.304380          NaN      40.0000
      16.6943     0.300462          NaN      40.0000
      16.7790     0.297241          NaN      40.0000
      16.8637     0.295938          NaN      40.0000
      16.9484     0.295049          NaN      40.0000
      17.0330     0.292348          NaN      40.0000
      17.1177     0.287611          NaN      40.0000
      17.2024     0.283647          NaN      40.0000
      17.2871     0.281962          NaN      40.0000
      17.3717     0.279159          NaN      40.0000
      17.4564     0.274759          NaN      40.0000
      17.5411     0.271509          NaN      40.0000
      17.6258     0.269769          NaN      40.0000
      17.7105     0.268066          NaN      40.0000
      17.7951     0.264278          NaN      40.0000
      17.8798     0.259141          NaN      40.0000
      17.9645     0.255584          NaN      40.0000
      18.0492     0.253437          NaN      40.0000
      18.1338     0.250170          NaN      40.0000
      18.2185     0.247291          NaN      40.0000
      18.3032     0.245503          NaN      40.0000
      18.3879     0.242965          NaN      40.0000
      18.4725     0.239556          NaN      40.0000
      18.5572     0.236994          NaN      40.0000
      18.6419     0.235467          NaN      40.0000
      18.7266     0.232890          NaN      40.0000
      18.8113     0.228838          NaN      40.0000
      18.8959     0.224596          NaN      40.0000
      18.9806     0.222798          NaN      40.0000
      19.0653     0.222688          NaN      40.0000
      19.1500     0.220705          NaN      40.0000
      19.2346     0.219208          NaN      40.0000
      19.3193     0.217709          NaN      40.0000
      19.4040     0.216210          NaN      40.0000
      19.4887     0.214711          NaN      39.0000
      19.5734     0.213213          NaN      39.0000
      19.6580     0.211716          NaN      39.0000
      19.7427     0.207705          NaN      39.0000
      19.8274     0.204264          NaN      39.0000
      19.9121     0.203800          NaN      39.0000
      19.9967     0.204429          NaN      39.0000
      20.0814     0.202923          NaN      39.0000
      20.1661     0.198908          NaN      39.0000
      20.2508     0.194276          NaN      39.0000
      20.3354     0.190930          NaN      39.0000
      20.4201     0.189327          NaN      39.0000
      20.5048     0.187724          NaN      39.0000
      20.5895     0.186121          NaN      39.0000
      20.7588     0.182917          NaN      38.0000
      20.9282     0.179711          NaN      38.0000
      21.0975     0.176507          NaN      38.0000
      21.2669     0.171989          NaN      38.0000
      21.4362     0.167550          NaN      38.0000
      21.6056     0.164144          NaN      38.0000
      21.7750     0.161326          NaN      38.0000
      21.9443     0.156792          NaN      38.0000
      22.1137     0.150858          NaN      38.0000
      22.2830     0.145742          NaN      38.0000
      22.4524     0.141947          NaN      38.0000
      22.6217     0.139383          NaN      38.0000
      22.7911     0.137711          NaN      38.0000
      22.9604     0.136258          NaN      38.0000
      23.1298     0.133893          NaN      38.0000
      23.2991     0.130324          NaN      38.0000
      23.4685     0.126410          NaN      38.0000
      23.6378     0.122827          NaN      38.0000
      23.8072     0.120109          NaN      38.0000
      23.9765     0.117702          NaN      38.0000
      24.1459     0.114826          NaN      38.0000
      24.3153     0.113145          NaN      38.0000
      24.4846     0.114985          NaN      38.0000
      24.6540     0.118026          NaN      38.0000
      24.8233     0.117929          NaN      38.0000
      24.9927     0.115448          NaN      38.0000
      25.1620     0.112678          NaN      38.0000
      25.3314     0.109206          NaN      38.0000
      25.5007     0.106103          NaN      38.0000
      25.6701     0.104592          NaN      38.0000
      25.8394     0.104221          NaN      38.0000
      26.0088     0.104630          NaN      38.0000
      26.1782     0.104494          NaN      38.0000
      26.3475     0.102765          NaN      38.0000
      26.5168     0.101754          NaN      38.0000
      26.6862     0.102648          NaN      38.0000
      26.8556     0.103046          NaN      38.0000
      27.0249     0.101818          NaN      38.0000
      27.1943     0.100578          NaN      38.0000
      27.3636    0.0996784          NaN      38.0000
      27.5330    0.0967158          NaN      38.0000
      27.7023    0.0921919          NaN      38.0000
      27.8717    0.0903624          NaN      38.0000
      28.0410    0.0909553          NaN      38.0000
      28.2104    0.0901047          NaN      38.0000
      28.3797    0.0878736          NaN      38.0000
      28.5491    0.0857821          NaN      38.0000
      28.7185    0.0836691          NaN      38.0000
      28.8878    0.0813496          NaN      38.0000
      29.0572    0.0791766          NaN      38.0000
      29.2265    0.0776934          NaN      38.0000
      29.3959    0.0762464          NaN      38.0000
      29.5652    0.0735630          NaN      38.0000
      29.7346    0.0705560          NaN      38.0000
      29.9039    0.0688393          NaN      38.0000
