      5.51967     0.845867    0.0735839      66.0000
      5.54991     0.852155    0.0261485      66.0000
      5.58015     0.857513    0.0130291      66.0000
      5.61039     0.864034    0.0122399      66.0000
      5.64063     0.872163    0.0115218      66.0000
      5.67088     0.881311    0.0108913      66.0000
      5.70112     0.889994    0.0103140      66.0000
      5.73136     0.898232    0.0120025      66.0000
      5.76160     0.907801    0.0127888      66.0000
      5.79184     0.917695    0.0130686      66.0000
      5.82209     0.925726    0.0128097      66.0000
      5.85233     0.932423    0.0138528      66.0000
      5.88257     0.939040    0.0125458      66.0000
      5.91281     0.946155    0.0112896      66.0000
      5.94305     0.953756    0.0132229      66.0000
      5.97330     0.961499    0.0140851      66.0000
      6.00354     0.969239    0.0129747      66.0000
      6.03378     0.975806    0.0123757      66.0000
      6.06402     0.980975    0.0163086      66.0000
      6.09426     0.986152    0.0155697      66.0000
      6.12451     0.990983    0.0143761      66.0000
      6.15475     0.994600    0.0114895      66.0000
      6.18499     0.997421    0.0121475      66.0000
      6.21523     0.999411    0.0129865      66.0000
      6.24547      1.00000    0.0137194      66.0000
      6.27572     0.999338    0.0139453      66.0000
      6.30596     0.997161    0.0173832      66.0000
      6.33620     0.992538    0.0158264      66.0000
      6.36644     0.986834    0.0158736      66.0000
      6.39668     0.981866    0.0125299      66.0000
      6.42693     0.976558    0.0144742      66.0000
      6.45717     0.971234    0.0133384      66.0000
      6.48741     0.968245    0.0146993      66.0000
      6.51765     0.966549    0.0148204      66.0000
      6.54789     0.964746    0.0115625      66.0000
      6.57814     0.963050    0.0115272      66.0000
      6.60838     0.959741    0.0150028      66.0000
      6.63862     0.954741    0.0105543      66.0000
      6.66886     0.949750    0.0144653      66.0000
      6.69910     0.944940    0.0169509      66.0000
      6.72935     0.941300    0.0160215      66.0000
      6.75959     0.937492    0.0108615      66.0000
      6.78983     0.931881    0.0111498      66.0000
      6.82007     0.925459    0.0132255      66.0000
      6.85031     0.918158    0.0168684      66.0000
      6.88056     0.910718    0.0185584      66.0000
      6.91080     0.903980    0.0167828      66.0000
      6.94104     0.897135    0.0151319      66.0000
      6.97128     0.889808    0.0154897      66.0000
      7.00152     0.882235    0.0156030      66.0000
      7.03177     0.873496    0.0159885      66.0000
      7.06201     0.862834    0.0148196      66.0000
      7.09225     0.852537    0.0145368      66.0000
      7.12249     0.844259    0.0139689      66.0000
      7.15273     0.835585    0.0193596      66.0000
      7.18298     0.825678    0.0208199      66.0000
      7.21322     0.816343    0.0208307      66.0000
      7.24346     0.807684    0.0203371      66.0000
      7.27370     0.798878    0.0202471      66.0000
      7.30394     0.792046    0.0172481      66.0000
      7.33419     0.789925    0.0185440      66.0000
      7.36443     0.788331    0.0168314      66.0000
      7.39467     0.783522    0.0164914      66.0000
      7.42491     0.779811    0.0155415      66.0000
      7.45515     0.781860    0.0171768      66.0000
      7.48540     0.788274    0.0165933      66.0000
      7.51564     0.791988    0.0178626      66.0000
      7.57612     0.790021    0.0202582      66.0000
      7.63660     0.784688    0.0161395      66.0000
      7.69709     0.777563    0.0184748      66.0000
      7.75757     0.770609    0.0170866      66.0000
      7.81805     0.767172    0.0172478      66.0000
      7.87854     0.768938    0.0160251      66.0000
      7.93902     0.774812    0.0123209      66.0000
      7.99951     0.783193    0.0107525      66.0000
      8.05999     0.792433    0.0113809      66.0000
      8.12047     0.800129    0.0130783      66.0000
      8.18096     0.803403    0.0131766      66.0000
      8.24144     0.801023    0.0117452      66.0000
      8.30192     0.795667    0.0100865      66.0000
      8.36241     0.791417    0.0119943      66.0000
      8.42289     0.788775   0.00973288      66.0000
      8.48337     0.785728    0.0124949      66.0000
      8.54386     0.781342    0.0109727      66.0000
      8.60434     0.776078    0.0121722      66.0000
      8.66483     0.769905    0.0120284      66.0000
      8.72531     0.761927    0.0110672      66.0000
      8.78579     0.753111   0.00880814      66.0000
      8.84628     0.744640   0.00997184      66.0000
      8.90676     0.736165    0.0100992      66.0000
      8.96724     0.727926   0.00880187      66.0000
      9.02773     0.720531   0.00814357      66.0000
      9.08821     0.713744   0.00905147      66.0000
      9.14869     0.706697   0.00930105      66.0000
      9.20918     0.698808   0.00857189      66.0000
      9.26966     0.691338   0.00764966      66.0000
      9.33015     0.685044   0.00804633      66.0000
      9.39063     0.678694   0.00812612      66.0000
      9.45111     0.672613   0.00838079      66.0000
      9.51160     0.668475   0.00823510      66.0000
      9.57208     0.665169   0.00790893      66.0000
      9.63256     0.660780   0.00956569      66.0000
      9.69305     0.655998   0.00788897      66.0000
      9.75353     0.652304   0.00888998      66.0000
      9.81401     0.649715   0.00960464      66.0000
      9.87450     0.647186   0.00930287      66.0000
      9.93498     0.644244   0.00965900      66.0000
      9.99547     0.641846   0.00934112      66.0000
      10.0560     0.640336   0.00949046      66.0000
      10.1164     0.639175   0.00887877      66.0000
      10.1769     0.639089   0.00907427      66.0000
      10.2374     0.639557    0.0104034      66.0000
      10.2979     0.639802   0.00910111      66.0000
      10.3584     0.641580   0.00946047      66.0000
      10.4188     0.645805    0.0103193      66.0000
      10.4793     0.650892   0.00863121      66.0000
      10.5398     0.655012   0.00828773      66.0000
      10.6003     0.658262   0.00802766      66.0000
      10.6608     0.661599   0.00917347      66.0000
      10.7213     0.663987   0.00995336      66.0000
      10.7817     0.664577   0.00789979      66.0000
      10.8422     0.664849   0.00986252      66.0000
      10.9027     0.666550    0.0105244      66.0000
      10.9632     0.668594    0.0113639      66.0000
      11.0237     0.668346    0.0108854      66.0000
      11.0842     0.667051    0.0111516      66.0000
      11.1447     0.667642    0.0128437      66.0000
      11.2051     0.669760    0.0281357      66.0000
      11.2656     0.669909    0.0285180      66.0000
      11.3261     0.665307    0.0285873      66.0000
      11.3866     0.656841    0.0181777      66.0000
      11.4471     0.647858    0.0180864      66.0000
      11.5076     0.639838    0.0178961      66.0000
      11.5680     0.631007    0.0157483      66.0000
      11.6285     0.620940    0.0135902      66.0000
      11.6890     0.611466    0.0142475      66.0000
      11.7495     0.602193    0.0139827      66.0000
      11.8100     0.592558    0.0128135      66.0000
      11.8705     0.585593    0.0109416      66.0000
      11.9309     0.581392    0.0136214      66.0000
      11.9914     0.575217    0.0133226      66.0000
      12.0519     0.565333    0.0136710      66.0000
      12.1124     0.553673    0.0123402      66.0000
      12.1729     0.542172    0.0132656      66.0000
      12.2334     0.530652   0.00998204      66.0000
      12.2938     0.518637   0.00978427      66.0000
      12.3543     0.507043   0.00778214      66.0000
      12.4148     0.496802    0.0100698      66.0000
      12.4753     0.487790    0.0105748      66.0000
      12.5358     0.479041    0.0126378      66.0000
      12.5963     0.471372    0.0129260      66.0000
      12.6567     0.465996    0.0129898      66.0000
      12.7172     0.460497    0.0143887      66.0000
      12.7777     0.453843    0.0148269      66.0000
      12.8382     0.447443    0.0144197      66.0000
      12.8987     0.441715    0.0118005      66.0000
      12.9592     0.437077    0.0126606      66.0000
      13.0197     0.433038    0.0140308      66.0000
      13.0801     0.428848    0.0125765      66.0000
      13.1406     0.424546    0.0120582      66.0000
      13.2011     0.421397    0.0122536      66.0000
      13.2616     0.418858    0.0136431      66.0000
      13.3221     0.415352    0.0133405      66.0000
      13.3826     0.410588    0.0133209      66.0000
      13.4430     0.403075    0.0128712      66.0000
      13.5035     0.390927    0.0151250      66.0000
      13.5640     0.372788    0.0157871      66.0000
      13.6245     0.353305    0.0201239      66.0000
      13.6850     0.345344    0.0221184      66.0000
      13.7455     0.353234    0.0193478      66.0000
      13.8059     0.365868    0.0231963      66.0000
      13.8664     0.373538    0.0192006      66.0000
      13.9269     0.376625    0.0221301      66.0000
      13.9847     0.375492    0.0238020      66.0000
      13.9874     0.375531    0.0206908      66.0000
      14.0479     0.382595    0.0188222      66.0000
      14.0694     0.383369   0.00942499      66.0000
      14.1083     0.382860    0.0176886      66.0000
      14.1540     0.382261    0.0117957      66.0000
      14.1688     0.382067   0.00925206      66.0000
      14.2387     0.381152          NaN      39.0000
      14.3234     0.380042          NaN      39.0000
      14.4081     0.378933          NaN      39.0000
      14.4927     0.374742          NaN      39.0000
      14.5774     0.370071          NaN      39.0000
      14.6621     0.364781          NaN      39.0000
      14.7468     0.360472          NaN      39.0000
      14.8315     0.357445          NaN      39.0000
      14.9161     0.354869          NaN      39.0000
      15.0008     0.352820          NaN      39.0000
      15.0855     0.350186          NaN      39.0000
      15.1701     0.345083          NaN      39.0000
      15.2548     0.339269          NaN      39.0000
      15.3395     0.334340          NaN      39.0000
      15.4242     0.329180          NaN      39.0000
      15.5089     0.325080          NaN      39.0000
      15.5935     0.322696          NaN      39.0000
      15.6782     0.322156          NaN      39.0000
      15.7629     0.322266          NaN      39.0000
      15.8476     0.321365          NaN      39.0000
      15.9322     0.319602          NaN      39.0000
      16.0169     0.316227          NaN      39.0000
      16.1016     0.311219          NaN      39.0000
      16.1863     0.305746          NaN      39.0000
      16.2710     0.302221          NaN      39.0000
      16.3556     0.300235          NaN      39.0000
      16.4403     0.298114          NaN      39.0000
      16.5250     0.295889          NaN      39.0000
      16.6097     0.292901          NaN      39.0000
      16.6943     0.288886          NaN      39.0000
      16.7790     0.285577          NaN      39.0000
      16.8637     0.284245          NaN      39.0000
      16.9484     0.283341          NaN      39.0000
      17.0330     0.280570          NaN      39.0000
      17.1177     0.275708          NaN      39.0000
      17.2024     0.271648          NaN      39.0000
      17.2871     0.269936          NaN      39.0000
      17.3717     0.267066          NaN      39.0000
      17.4564     0.262543          NaN      39.0000
      17.5411     0.259213          NaN      39.0000
      17.6258     0.257451          NaN      39.0000
      17.7105     0.255691          NaN      39.0000
      17.7951     0.251787          NaN      39.0000
      17.8798     0.246537          NaN      39.0000
      17.9645     0.242905          NaN      39.0000
      18.0492     0.240717          NaN      39.0000
      18.1338     0.237380          NaN      39.0000
      18.2185     0.234427          NaN      39.0000
      18.3032     0.232588          NaN      39.0000
      18.3879     0.229990          NaN      39.0000
      18.4725     0.226498          NaN      39.0000
      18.5572     0.223863          NaN      39.0000
      18.6419     0.222310          NaN      39.0000
      18.7266     0.219683          NaN      39.0000
      18.8113     0.215541          NaN      39.0000
      18.8959     0.211200          NaN      39.0000
      18.9806     0.209343          NaN      39.0000
      19.0653     0.209204          NaN      39.0000
      19.1500     0.207173          NaN      39.0000
      19.2346     0.203006          NaN      39.0000
      19.3193     0.200415          NaN      39.0000
      19.4040     0.199458          NaN      39.0000
      19.4887     0.197861          NaN      39.0000
      19.5734     0.197109          NaN      39.0000
      19.6580     0.195506          NaN      39.0000
      19.7427     0.191496          NaN      39.0000
      19.8274     0.188054          NaN      39.0000
      19.9121     0.187591          NaN      39.0000
      19.9967     0.188220          NaN      39.0000
      20.0814     0.186714          NaN      39.0000
      20.1661     0.182699          NaN      39.0000
      20.2508     0.178067          NaN      39.0000
      20.3354     0.174721          NaN      39.0000
      20.4201     0.173118          NaN      39.0000
      20.5048     0.171515          NaN      39.0000
      20.5895     0.169912          NaN      39.0000
      20.7588     0.166708          NaN      38.0000
      20.9282     0.163502          NaN      38.0000
      21.0975     0.160297          NaN      38.0000
      21.2669     0.155780          NaN      38.0000
      21.4362     0.151341          NaN      38.0000
      21.6056     0.147935          NaN      38.0000
      21.7750     0.145116          NaN      38.0000
      21.9443     0.140582          NaN      38.0000
      22.1137     0.134649          NaN      38.0000
      22.2830     0.129533          NaN      38.0000
      22.4524     0.125738          NaN      38.0000
      22.6217     0.123174          NaN      38.0000
      22.7911     0.121502          NaN      38.0000
      22.9604     0.120049          NaN      38.0000
      23.1298     0.117684          NaN      38.0000
      23.2991     0.114114          NaN      38.0000
      23.4685     0.110201          NaN      38.0000
      23.6378     0.106618          NaN      38.0000
      23.8072     0.103900          NaN      38.0000
      23.9765     0.101493          NaN      38.0000
      24.1459    0.0986165          NaN      38.0000
      24.3153    0.0969361          NaN      38.0000
      24.4846    0.0987762          NaN      38.0000
      24.6540     0.101817          NaN      38.0000
      24.8233     0.101719          NaN      38.0000
      24.9927    0.0992385          NaN      38.0000
      25.1620    0.0964689          NaN      38.0000
      25.3314    0.0929965          NaN      38.0000
      25.5007    0.0898933          NaN      38.0000
      25.6701    0.0883827          NaN      38.0000
      25.8394    0.0880117          NaN      38.0000
      26.0088    0.0884210          NaN      38.0000
      26.1782    0.0882844          NaN      38.0000
      26.3475    0.0865554          NaN      38.0000
      26.5168    0.0855451          NaN      38.0000
      26.6862    0.0864383          NaN      38.0000
      26.8556    0.0868362          NaN      38.0000
      27.0249    0.0856084          NaN      38.0000
      27.1943    0.0843688          NaN      38.0000
      27.3636    0.0834691          NaN      38.0000
      27.5330    0.0805065          NaN      38.0000
      27.7023    0.0759827          NaN      38.0000
      27.8717    0.0741531          NaN      38.0000
      28.0410    0.0747461          NaN      38.0000
      28.2104    0.0738955          NaN      38.0000
      28.3797    0.0716643          NaN      38.0000
      28.5491    0.0695728          NaN      38.0000
      28.7185    0.0674598          NaN      38.0000
      28.8878    0.0651403          NaN      38.0000
      29.0572    0.0629673          NaN      38.0000
      29.2265    0.0614842          NaN      38.0000
      29.3959    0.0600371          NaN      38.0000
      29.5652    0.0573537          NaN      38.0000
      29.7346    0.0543468          NaN      38.0000
      29.9039    0.0526300          NaN      38.0000
