      5.51967     0.287170          NaN      12.0000
      5.54991     0.290098          NaN      12.0000
      5.58015     0.292174          NaN      12.0000
      5.61039     0.295699          NaN      12.0000
      5.64063     0.300292          NaN      12.0000
      5.67088     0.303969          NaN      12.0000
      5.70112     0.307994          NaN      12.0000
      5.73136     0.313512          NaN      12.0000
      5.76160     0.320098          NaN      12.0000
      5.79184     0.327345          NaN      12.0000
      5.82209     0.333856          NaN      12.0000
      5.85233     0.339134          NaN      12.0000
      5.88257     0.344129          NaN      12.0000
      5.91281     0.350851          NaN      12.0000
      5.94305     0.360243          NaN      12.0000
      5.97330     0.368864          NaN      12.0000
      6.00354     0.374506          NaN      12.0000
      6.03378     0.379025          NaN      12.0000
      6.06402     0.382978          NaN      12.0000
      6.09426     0.386831          NaN      12.0000
      6.12451     0.392274          NaN      12.0000
      6.15475     0.398180          NaN      12.0000
      6.18499     0.402283          NaN      12.0000
      6.21523     0.405105          NaN      12.0000
      6.24547     0.408467          NaN      12.0000
      6.27572     0.412995          NaN      12.0000
      6.30596     0.417846          NaN      12.0000
      6.33620     0.422087          NaN      12.0000
      6.36644     0.426236          NaN      12.0000
      6.39668     0.432042          NaN      12.0000
      6.42693     0.438996          NaN      12.0000
      6.45717     0.443738          NaN      12.0000
      6.48741     0.445925          NaN      12.0000
      6.51765     0.448176          NaN      12.0000
      6.54789     0.452053          NaN      12.0000
      6.57814     0.458308          NaN      12.0000
      6.60838     0.465278          NaN      12.0000
      6.63862     0.469402          NaN      12.0000
      6.66886     0.471543          NaN      12.0000
      6.69910     0.475650          NaN      12.0000
      6.72935     0.481454          NaN      12.0000
      6.75959     0.487179          NaN      12.0000
      6.78983     0.493467          NaN      12.0000
      6.82007     0.498812          NaN      12.0000
      6.85031     0.502189          NaN      12.0000
      6.88056     0.505763          NaN      12.0000
      6.91080     0.509597          NaN      12.0000
      6.94104     0.512345          NaN      12.0000
      6.97128     0.513598          NaN      12.0000
      7.00152     0.513384          NaN      12.0000
      7.03177     0.512906          NaN      12.0000
      7.06201     0.514572          NaN      12.0000
      7.09225     0.518165          NaN      12.0000
      7.12249     0.519812          NaN      12.0000
      7.15273     0.518973          NaN      12.0000
      7.18298     0.517984          NaN      12.0000
      7.21322     0.516217          NaN      12.0000
      7.24346     0.514244          NaN      12.0000
      7.27370     0.515196          NaN      12.0000
      7.30394     0.518815          NaN      12.0000
      7.33419     0.521159          NaN      12.0000
      7.36443     0.520314          NaN      12.0000
      7.39467     0.519349          NaN      12.0000
      7.42491     0.522383          NaN      12.0000
      7.45515     0.528183          NaN      12.0000
      7.48540     0.532411          NaN      12.0000
      7.51564     0.535267          NaN      12.0000
      7.57612     0.542185          NaN      12.0000
      7.63660     0.549075          NaN      12.0000
      7.69709     0.555617          NaN      12.0000
      7.75757     0.565324          NaN      12.0000
      7.81805     0.580602          NaN      12.0000
      7.87854     0.599308          NaN      12.0000
      7.93902     0.617455          NaN      12.0000
      7.99951     0.633583          NaN      12.0000
      8.05999     0.650019          NaN      12.0000
      8.12047     0.667704          NaN      12.0000
      8.18096     0.683959          NaN      12.0000
      8.24144     0.696757          NaN      12.0000
      8.30192     0.706886          NaN      12.0000
      8.36241     0.715772          NaN      12.0000
      8.42289     0.723281          NaN      12.0000
      8.48337     0.731956          NaN      12.0000
      8.54386     0.742717          NaN      12.0000
      8.60434     0.751414          NaN      12.0000
      8.66483     0.757817          NaN      12.0000
      8.72531     0.763934          NaN      12.0000
      8.78579     0.769916          NaN      12.0000
      8.84628     0.775974          NaN      12.0000
      8.90676     0.781953          NaN      12.0000
      8.96724     0.788048          NaN      12.0000
      9.02773     0.794838          NaN      12.0000
      9.08821     0.801016          NaN      12.0000
      9.14869     0.805829          NaN      12.0000
      9.20918     0.810009          NaN      12.0000
      9.26966     0.814513          NaN      12.0000
      9.33015     0.819895          NaN      12.0000
      9.39063     0.825212          NaN      12.0000
      9.45111     0.830346          NaN      12.0000
      9.51160     0.835498          NaN      12.0000
      9.57208     0.839614          NaN      12.0000
      9.63256     0.842974          NaN      12.0000
      9.69305     0.854762          NaN      12.0000
      9.75353     0.865191          NaN      12.0000
      9.81401     0.875619          NaN      12.0000
      9.87450     0.886049          NaN      13.0000
      9.93498     0.896477    0.0289882      14.0000
      9.99547     0.906907   0.00307939      14.0000
      10.0560     0.917344   0.00335898      14.0000
      10.1164     0.920505   0.00299280      14.0000
      10.1769     0.923045   0.00406788      14.0000
      10.2374     0.925949   0.00288195      14.0000
      10.2979     0.930350   0.00299166      14.0000
      10.3584     0.936361   0.00168708      14.0000
      10.4188     0.942620   0.00192037      14.0000
      10.4793     0.948001   0.00173697      14.0000
      10.5398     0.952719   0.00149542      14.0000
      10.6003     0.957408   0.00166181      14.0000
      10.6608     0.961893   0.00155490      14.0000
      10.7213     0.966838   0.00754733      14.0000
      10.7817     0.971954   0.00532179      14.0000
      10.8422     0.975710   0.00588184      14.0000
      10.9027     0.977943   0.00751212      14.0000
      10.9632     0.980289   0.00198131      14.0000
      11.0237     0.983328   0.00214962      14.0000
      11.0842     0.986129   0.00451168      14.0000
      11.1447     0.988798   0.00475752      14.0000
      11.2051     0.991340   0.00473652      14.0000
      11.2656     0.991522   0.00229391      14.0000
      11.3261     0.990281   0.00340839      14.0000
      11.3866     0.991509   0.00339539      14.0000
      11.4471     0.995064   0.00356139      14.0000
      11.5076     0.998004   0.00327675      14.0000
      11.5680     0.999736   0.00442720      14.0000
      11.6285      1.00000   0.00371642      14.0000
      11.6890     0.996022   0.00340350      14.0000
      11.7495     0.988666   0.00352955      14.0000
      11.8100     0.984422   0.00361855      14.0000
      11.8705     0.986706   0.00380600      14.0000
      11.9309     0.990932   0.00352680      14.0000
      11.9914     0.991480   0.00408119      14.0000
      12.0519     0.987864   0.00348804      14.0000
      12.1124     0.983408   0.00331336      14.0000
      12.1729     0.978827   0.00402410      14.0000
      12.2334     0.972326   0.00415170      14.0000
      12.2938     0.965427   0.00405468      14.0000
      12.3543     0.958672   0.00781834      14.0000
      12.4148     0.948864   0.00860900      14.0000
      12.4753     0.936127   0.00379271      14.0000
      12.5358     0.924838   0.00421013      14.0000
      12.5963     0.916180   0.00527799      14.0000
      12.6567     0.908871   0.00573615      14.0000
      12.7172     0.902932   0.00570717      14.0000
      12.7777     0.898852   0.00575079      14.0000
      12.8382     0.895383   0.00245301      14.0000
      12.8987     0.890694   0.00257507      14.0000
      12.9592     0.886122   0.00356493      14.0000
      13.0197     0.883199   0.00546240      14.0000
      13.0801     0.880010   0.00249908      14.0000
      13.1406     0.875868   0.00308060      14.0000
      13.2011     0.873159   0.00309598      14.0000
      13.2616     0.871972   0.00317529      14.0000
      13.3221     0.871529   0.00688389      14.0000
      13.3826     0.871532   0.00777451      14.0000
      13.4430     0.868751    0.0149014      14.0000
      13.5035     0.854393    0.0140788      14.0000
      13.5640     0.815201    0.0151849      14.0000
      13.6245     0.760208    0.0222270      14.0000
      13.6850     0.734662    0.0222270      14.0000
      13.7455     0.761928    0.0244348      14.0000
      13.8059     0.803806    0.0104533      14.0000
      13.8664     0.824959    0.0108002      14.0000
      13.9269     0.830491    0.0112514      14.0000
      13.9847     0.834908   0.00970757      14.0000
      13.9874     0.835150   0.00952281      14.0000
      14.0479     0.840136   0.00503870      14.0000
      14.0694     0.841702   0.00342648      14.0000
      14.1083     0.845745   0.00353656      14.0000
      14.1540     0.850986   0.00324867      14.0000
      14.1688     0.853467   0.00355619      14.0000
      14.2387     0.867742   0.00433878      14.0000
      14.3234     0.880327   0.00455276      14.0000
      14.4081     0.886289   0.00505341      14.0000
      14.4927     0.888136   0.00539877      14.0000
      14.5774     0.889611   0.00383756      14.0000
      14.6621     0.890539   0.00255718      14.0000
      14.7468     0.890540   0.00197972      14.0000
      14.8315     0.891720   0.00254277      14.0000
      14.9161     0.894040   0.00209009      14.0000
      15.0008     0.894610   0.00194878      14.0000
      15.0855     0.893558   0.00134379      14.0000
      15.1701     0.893920   0.00202772      14.0000
      15.2548     0.895129   0.00273522      14.0000
      15.3395     0.895738   0.00249107      14.0000
      15.4242     0.897176   0.00332071      14.0000
      15.5089     0.899969   0.00375526      14.0000
      15.5935     0.900560   0.00268194      14.0000
      15.6782     0.897327   0.00262047      14.0000
      15.7629     0.893485   0.00163209      14.0000
      15.8476     0.891359   0.00258909      14.0000
      15.9322     0.889619   0.00326036      14.0000
      16.0169     0.886345   0.00296176      14.0000
      16.1016     0.882896   0.00196590      14.0000
      16.1863     0.881560   0.00268813      14.0000
      16.2710     0.881690   0.00287243      14.0000
      16.3556     0.879975   0.00330322      14.0000
      16.4403     0.876445   0.00293371      14.0000
      16.5250     0.873030   0.00251487      14.0000
      16.6097     0.870344   0.00283086      14.0000
      16.6943     0.867743   0.00304247      14.0000
      16.7790     0.863582   0.00315828      14.0000
      16.8637     0.858824   0.00218379      14.0000
      16.9484     0.855640   0.00184752      14.0000
      17.0330     0.853928   0.00182155      14.0000
      17.1177     0.852734   0.00237727      14.0000
      17.2024     0.851591   0.00256065      14.0000
      17.2871     0.849187   0.00255677      14.0000
      17.3717     0.845513   0.00276831      14.0000
      17.4564     0.842532   0.00351422      14.0000
      17.5411     0.841238   0.00293671      14.0000
      17.6258     0.841579   0.00477800      14.0000
      17.7105     0.842403   0.00480415      14.0000
      17.7951     0.840556   0.00554657      14.0000
      17.8798     0.833614   0.00292887      14.0000
      17.9645     0.826712   0.00374395      14.0000
      18.0492     0.825731   0.00398551      14.0000
      18.1338     0.826087   0.00394531      14.0000
      18.2185     0.824636   0.00263335      14.0000
      18.3032     0.824412   0.00310999      14.0000
      18.3879     0.825427   0.00296807      14.0000
      18.4725     0.825043   0.00323823      14.0000
      18.5572     0.823465   0.00422006      14.0000
      18.6419     0.821918   0.00274179      14.0000
      18.7266     0.819728   0.00212138      14.0000
      18.8113     0.816953   0.00329442      14.0000
      18.8959     0.813837   0.00360043      14.0000
      18.9806     0.810052   0.00368559      14.0000
      19.0653     0.805061   0.00391967      14.0000
      19.1500     0.800216   0.00341365      14.0000
      19.2346     0.799306   0.00334801      14.0000
      19.3193     0.798395   0.00284321      14.0000
      19.4040     0.797485   0.00273633      14.0000
      19.4887     0.796574          NaN      13.0000
      19.5734     0.795663          NaN      13.0000
      19.6580     0.794753          NaN      13.0000
      19.7427     0.792337          NaN      13.0000
      19.8274     0.793092          NaN      13.0000
      19.9121     0.796300          NaN      13.0000
      19.9967     0.797165          NaN      13.0000
      20.0814     0.793973          NaN      13.0000
      20.1661     0.789513          NaN      13.0000
      20.2508     0.786045          NaN      13.0000
      20.3354     0.782532          NaN      13.0000
      20.4201     0.777945          NaN      13.0000
      20.5048     0.775960          NaN      13.0000
      20.5895     0.776956          NaN      13.0000
      20.7588     0.776738          NaN      13.0000
      20.9282     0.773196          NaN      13.0000
      21.0975     0.771746          NaN      13.0000
      21.2669     0.772330          NaN      13.0000
      21.4362     0.770127          NaN      13.0000
      21.6056     0.766633          NaN      13.0000
      21.7750     0.764504          NaN      13.0000
      21.9443     0.761724          NaN      13.0000
      22.1137     0.758217          NaN      13.0000
      22.2830     0.756053          NaN      13.0000
      22.4524     0.756927          NaN      13.0000
      22.6217     0.760216          NaN      13.0000
      22.7911     0.762053          NaN      13.0000
      22.9604     0.762839          NaN      13.0000
      23.1298     0.766618          NaN      13.0000
      23.2991     0.772594          NaN      13.0000
      23.4685     0.777724          NaN      13.0000
      23.6378     0.782733          NaN      13.0000
      23.8072     0.789804          NaN      13.0000
      23.9765     0.799843          NaN      13.0000
      24.1459     0.809668          NaN      13.0000
      24.3153     0.817998          NaN      13.0000
      24.4846     0.827735          NaN      13.0000
      24.6540     0.837928          NaN      13.0000
      24.8233     0.847852          NaN      13.0000
      24.9927     0.858596          NaN      13.0000
      25.1620     0.867347          NaN      13.0000
      25.3314     0.872311          NaN      13.0000
      25.5007     0.875040          NaN      13.0000
      25.6701     0.877567          NaN      13.0000
      25.8394     0.882034          NaN      13.0000
      26.0088     0.886868          NaN      13.0000
      26.1782     0.888007          NaN      13.0000
      26.3475     0.885932          NaN      13.0000
      26.5168     0.884879          NaN      13.0000
      26.6862     0.886027          NaN      13.0000
      26.8556     0.887658          NaN      13.0000
      27.0249     0.887518          NaN      13.0000
      27.1943     0.886425          NaN      13.0000
      27.3636     0.885034          NaN      13.0000
      27.5330     0.881479          NaN      13.0000
      27.7023     0.876430          NaN      13.0000
      27.8717     0.871785          NaN      13.0000
      28.0410     0.868407          NaN      13.0000
      28.2104     0.865551          NaN      13.0000
      28.3797     0.862891          NaN      13.0000
      28.5491     0.859682          NaN      13.0000
      28.7185     0.853809          NaN      13.0000
      28.8878     0.849124          NaN      13.0000
      29.0572     0.846016          NaN      13.0000
      29.2265     0.839832          NaN      13.0000
      29.3959     0.832618          NaN      13.0000
      29.5652     0.827874          NaN      13.0000
      29.7346     0.825490          NaN      13.0000
      29.9039     0.823454          NaN      13.0000
